# JRE version: Java(TM) SE Runtime Environment (21.0.5+9) (build 21.0.5+9-LTS-239)
# Java VM: Java HotSpot(TM) 64-Bit Server VM (21.0.5+9-LTS-239, mixed mode, sharing, tiered, compressed oops, compressed class ptrs, g1 gc, windows-amd64)
GC Precious Log:
 CardTable entry size: 512
 Card Set container configuration: InlinePtr #cards 4 size 8 Array Of Cards #cards 16 size 48 Howl #buckets 8 coarsen threshold 3686 Howl Bitmap #cards 512 size 80 coarsen threshold 460 Card regions per heap region 1 cards per card region 4096
 CPUs: 4 total, 4 available
 Memory: 10153M
 Large Page Support: Disabled
 NUMA Support: Disabled
 Compressed Oops: Enabled (Zero based)
 Heap Region Size: 2M
 Heap Min Capacity: 8M
 Heap Initial Capacity: 160M
 Heap Max Capacity: 2540M
 Pre-touch: Disabled
 Parallel Workers: 4
 Concurrent Workers: 1
 Concurrent Refinement Workers: 4
 Periodic GC: Disabled
Heap:
 garbage-first heap   total 55296K, used 33844K [0x0000000761400000, 0x0000000800000000)
  region size 2048K, 6 young (12288K), 2 survivors (4096K)
 Metaspace       used 63327K, committed 64000K, reserved 1114112K
  class space    used 8350K, committed 8640K, reserved 1048576K
GC Heap History (20 events):
Event: 4.608 GC heap before
{Heap before GC invocations=3 (full 0):
 garbage-first heap   total 163840K, used 50851K [0x0000000761400000, 0x0000000800000000)
  region size 2048K, 23 young (47104K), 2 survivors (4096K)
 Metaspace       used 21207K, committed 21504K, reserved 1114112K
  class space    used 2540K, committed 2688K, reserved 1048576K
}
Event: 4.620 GC heap after
{Heap after GC invocations=4 (full 0):
 garbage-first heap   total 163840K, used 13897K [0x0000000761400000, 0x0000000800000000)
  region size 2048K, 4 young (8192K), 4 survivors (8192K)
 Metaspace       used 21207K, committed 21504K, reserved 1114112K
  class space    used 2540K, committed 2688K, reserved 1048576K
}
Event: 5.927 GC heap before
{Heap before GC invocations=5 (full 0):
 garbage-first heap   total 55296K, used 38473K [0x0000000761400000, 0x0000000800000000)
  region size 2048K, 16 young (32768K), 4 survivors (8192K)
 Metaspace       used 25847K, committed 26368K, reserved 1114112K
  class space    used 3239K, committed 3456K, reserved 1048576K
}
Event: 5.947 GC heap after
{Heap after GC invocations=6 (full 0):
 garbage-first heap   total 55296K, used 16827K [0x0000000761400000, 0x0000000800000000)
  region size 2048K, 2 young (4096K), 2 survivors (4096K)
 Metaspace       used 25847K, committed 26368K, reserved 1114112K
  class space    used 3239K, committed 3456K, reserved 1048576K
}
Event: 7.689 GC heap before
{Heap before GC invocations=6 (full 0):
 garbage-first heap   total 55296K, used 39355K [0x0000000761400000, 0x0000000800000000)
  region size 2048K, 13 young (26624K), 2 survivors (4096K)
 Metaspace       used 30467K, committed 31040K, reserved 1114112K
  class space    used 3793K, committed 4032K, reserved 1048576K
}
Event: 7.696 GC heap after
{Heap after GC invocations=7 (full 0):
 garbage-first heap   total 55296K, used 18432K [0x0000000761400000, 0x0000000800000000)
  region size 2048K, 1 young (2048K), 1 survivors (2048K)
 Metaspace       used 30467K, committed 31040K, reserved 1114112K
  class space    used 3793K, committed 4032K, reserved 1048576K
}
Event: 8.381 GC heap before
{Heap before GC invocations=7 (full 0):
 garbage-first heap   total 55296K, used 24576K [0x0000000761400000, 0x0000000800000000)
  region size 2048K, 5 young (10240K), 1 survivors (2048K)
 Metaspace       used 35482K, committed 35968K, reserved 1114112K
  class space    used 4361K, committed 4608K, reserved 1048576K
}
Event: 8.385 GC heap after
{Heap after GC invocations=8 (full 0):
 garbage-first heap   total 55296K, used 19809K [0x0000000761400000, 0x0000000800000000)
  region size 2048K, 2 young (4096K), 2 survivors (4096K)
 Metaspace       used 35482K, committed 35968K, reserved 1114112K
  class space    used 4361K, committed 4608K, reserved 1048576K
}
Event: 10.611 GC heap before
{Heap before GC invocations=9 (full 0):
 garbage-first heap   total 55296K, used 44385K [0x0000000761400000, 0x0000000800000000)
  region size 2048K, 14 young (28672K), 2 survivors (4096K)
 Metaspace       used 41824K, committed 42368K, reserved 1114112K
  class space    used 5191K, committed 5440K, reserved 1048576K
}
Event: 10.616 GC heap after
{Heap after GC invocations=10 (full 0):
 garbage-first heap   total 55296K, used 21505K [0x0000000761400000, 0x0000000800000000)
  region size 2048K, 2 young (4096K), 2 survivors (4096K)
 Metaspace       used 41824K, committed 42368K, reserved 1114112K
  class space    used 5191K, committed 5440K, reserved 1048576K
}
Event: 12.374 GC heap before
{Heap before GC invocations=10 (full 0):
 garbage-first heap   total 55296K, used 46081K [0x0000000761400000, 0x0000000800000000)
  region size 2048K, 14 young (28672K), 2 survivors (4096K)
 Metaspace       used 47101K, committed 47680K, reserved 1114112K
  class space    used 6029K, committed 6272K, reserved 1048576K
}
Event: 12.381 GC heap after
{Heap after GC invocations=11 (full 0):
 garbage-first heap   total 55296K, used 22543K [0x0000000761400000, 0x0000000800000000)
  region size 2048K, 2 young (4096K), 2 survivors (4096K)
 Metaspace       used 47101K, committed 47680K, reserved 1114112K
  class space    used 6029K, committed 6272K, reserved 1048576K
}
Event: 14.167 GC heap before
{Heap before GC invocations=11 (full 0):
 garbage-first heap   total 55296K, used 45071K [0x0000000761400000, 0x0000000800000000)
  region size 2048K, 13 young (26624K), 2 survivors (4096K)
 Metaspace       used 53961K, committed 54592K, reserved 1114112K
  class space    used 7007K, committed 7296K, reserved 1048576K
}
Event: 14.173 GC heap after
{Heap after GC invocations=12 (full 0):
 garbage-first heap   total 55296K, used 23546K [0x0000000761400000, 0x0000000800000000)
  region size 2048K, 2 young (4096K), 2 survivors (4096K)
 Metaspace       used 53961K, committed 54592K, reserved 1114112K
  class space    used 7007K, committed 7296K, reserved 1048576K
}
Event: 15.133 GC heap before
{Heap before GC invocations=12 (full 0):
 garbage-first heap   total 55296K, used 44026K [0x0000000761400000, 0x0000000800000000)
  region size 2048K, 12 young (24576K), 2 survivors (4096K)
 Metaspace       used 56224K, committed 56832K, reserved 1114112K
  class space    used 7367K, committed 7680K, reserved 1048576K
}
Event: 15.139 GC heap after
{Heap after GC invocations=13 (full 0):
 garbage-first heap   total 55296K, used 24069K [0x0000000761400000, 0x0000000800000000)
  region size 2048K, 1 young (2048K), 1 survivors (2048K)
 Metaspace       used 56224K, committed 56832K, reserved 1114112K
  class space    used 7367K, committed 7680K, reserved 1048576K
}
Event: 15.873 GC heap before
{Heap before GC invocations=13 (full 0):
 garbage-first heap   total 55296K, used 38405K [0x0000000761400000, 0x0000000800000000)
  region size 2048K, 9 young (18432K), 1 survivors (2048K)
 Metaspace       used 59469K, committed 60096K, reserved 1114112K
  class space    used 7761K, committed 8064K, reserved 1048576K
}
Event: 15.878 GC heap after
{Heap after GC invocations=14 (full 0):
 garbage-first heap   total 55296K, used 25651K [0x0000000761400000, 0x0000000800000000)
  region size 2048K, 2 young (4096K), 2 survivors (4096K)
 Metaspace       used 59469K, committed 60096K, reserved 1114112K
  class space    used 7761K, committed 8064K, reserved 1048576K
}
Event: 18.741 GC heap before
{Heap before GC invocations=15 (full 0):
 garbage-first heap   total 55296K, used 46131K [0x0000000761400000, 0x0000000800000000)
  region size 2048K, 12 young (24576K), 2 survivors (4096K)
 Metaspace       used 62269K, committed 62976K, reserved 1114112K
  class space    used 8217K, committed 8512K, reserved 1048576K
}
Event: 18.747 GC heap after
{Heap after GC invocations=16 (full 0):
 garbage-first heap   total 55296K, used 27700K [0x0000000761400000, 0x0000000800000000)
  region size 2048K, 2 young (4096K), 2 survivors (4096K)
 Metaspace       used 62269K, committed 62976K, reserved 1114112K
  class space    used 8217K, committed 8512K, reserved 1048576K
}

